0 info it worked if it ends with ok
1 verbose cli [ '/home/liza/.nvm/v0.8.28/bin/node',
1 verbose cli   '/home/liza/.nvm/v0.8.28/bin/npm',
1 verbose cli   'i',
1 verbose cli   '-S',
1 verbose cli   'jsdom' ]
2 info using npm@1.2.30
3 info using node@v0.8.28
4 verbose read json /home/liza/linkShortener/package.json
5 error Error: EACCES, open '/home/liza/linkShortener/package.json'
5 error  { [Error: EACCES, open '/home/liza/linkShortener/package.json']
5 error   errno: 3,
5 error   code: 'EACCES',
5 error   path: '/home/liza/linkShortener/package.json' }
6 error Please try running this command again as root/Administrator.
7 error System Linux 4.4.0-18362-Microsoft
8 error command "/home/liza/.nvm/v0.8.28/bin/node" "/home/liza/.nvm/v0.8.28/bin/npm" "i" "-S" "jsdom"
9 error cwd /home/liza/linkShortener
10 error node -v v0.8.28
11 error npm -v 1.2.30
12 error path /home/liza/linkShortener/package.json
13 error code EACCES
14 error errno 3
15 error stack Error: EACCES, open '/home/liza/linkShortener/package.json'
16 verbose exit [ 3, true ]
